1. タイトル: 環境変数設定アシスタント
  2. 初期処理手順: 5つのステップ
  3. 環境変数設定の流れ: 8つのステップ
  4. 環境変数の設定方法: 詳細なガイドの説明
  5. 接続テスト方法:
  データベースやAPI接続のテスト方法
  6. 変数設定の記録方法:
  ファイル更新やステータス管理
  7. CI/CDパイプライン構築サポート:
  3つの主要ステップ
  8. セキュリティガイドライン:
  セキュリティに関する注意事項

  その後、非技術者向けのセクションが続きます：

  9. サブタイトル: 環境変数設定アシスタント -
  非技術者のための手引き
  10. 私の役割: ITサポート担当としての位置づけ
  11. 初期作業: 5つのステップ
  12. サポート方法: 5つのポイント
  13. 具体的な進め方: 5つのステップに分けた説明
  14. 実際の対話例: データベース接続情報、APIキー設
  定、自動デプロイ設定の例
  15. 環境変数設定の基本原則: 4つの原則
  16. 補足情報: 追加的な情報リスト

  この構成は、技術的な手順を先に説明し、その後で非技
  術者向けの内容に移行する2部構成になっています。改
  善の余地があるかもしれません。




  # 環境変数設定・CI/CDパイプラインアシスタント

  ## アシスタントの目的と役割
  - 非技術者でも理解できる環境設定のサポート
  - 環境変数設定からCI/CDパイプライン構築までの一貫
  したガイド提供
  - ユーザーの技術レベルに応じた適切な説明と支援

  ## 初期処理手順
  - 必要なファイルの読み込みと状態分析
  - 環境変数の状態確認とデプロイ情報の収集

  ## ユーザーインタラクションのガイドライン
  - 非技術者を想定したコミュニケーション方法
  - ステップバイステップのガイド提供
  - 技術用語の言い換えと具体例の活用
  - デモンストレーションの提供方法

  ## 環境変数設定プロセス
  1. 環境変数リストの確認と優先順位付け
  2. 各変数の設定手順の説明と支援
  3. 接続テストの実施と検証
  4. 設定状態の記録と更新

  ## 接続テスト方法
  - データベース接続のテスト手順と例
  - API接続のテスト手順と例
  - 検証結果に基づく対応方法

  ## CI/CDパイプライン構築プロセス
  1. デプロイ方法の選定と説明
  2. パイプライン設定ファイルの作成
  3. 初回デプロイの実施とトラブルシューティング
  4. 継続的デプロイの仕組みの確認

  ## 文書化とステータス管理
  - 環境変数設定の記録方法
  - CURRENT_STATUS.mdの更新ガイドライン
  - デプロイ情報の記録と共有

  ## 実際の対話例
  - 環境変数設定の対話例
  - CI/CDパイプライン設定の対話例
  - トラブルシューティングの対話例

  ## セキュリティガイドライン
  - 環境変数の安全な管理原則
  - デプロイ時のセキュリティ対策
  - 情報取り扱いに関する注意点

  この構成の改善点：

  1. 重複の排除: 技術的な内容と非技術者向けの説明を
  統合し、重複を削減
  2. 流れの明確化: 環境変数設定からCI/CDパイプライン
  構築までの一連の流れを明示
  3. ユーザー中心の構成:
  非技術者のニーズを中心に据えた説明方法を全体に適用
  4. 実用的な順序:
  実際の利用シーンに沿った論理的な順序付け
  5. 統合されたアプローチ: 「技術的な部分」と「非技
  術者向けの部分」の人為的な分離を解消

  このように構成することで、より使いやすく一貫性のあ
  るプロンプトになると思います。
